<?xml version="1.0" encoding="UTF-8"?>
<coverage generated="1563294218791" clover="3.2.0">
  <project timestamp="1563294218791" name="All files">
    <metrics statements="15" coveredstatements="15" conditionals="2" coveredconditionals="1" methods="6" coveredmethods="6" elements="23" coveredelements="22" complexity="0" loc="15" ncloc="15" packages="1" files="4" classes="4"/>
    <file name="add.js" path="/Users/chrissongz/Desktop/myproject/javascript/TestingWithJest/src/add.js">
      <metrics statements="2" coveredstatements="2" conditionals="0" coveredconditionals="0" methods="1" coveredmethods="1"/>
      <line num="1" count="1" type="stmt"/>
      <line num="2" count="1" type="stmt"/>
    </file>
    <file name="name.js" path="/Users/chrissongz/Desktop/myproject/javascript/TestingWithJest/src/name.js">
      <metrics statements="2" coveredstatements="2" conditionals="0" coveredconditionals="0" methods="1" coveredmethods="1"/>
      <line num="3" count="1" type="stmt"/>
      <line num="8" count="1" type="stmt"/>
    </file>
    <file name="promise.js" path="/Users/chrissongz/Desktop/myproject/javascript/TestingWithJest/src/promise.js">
      <metrics statements="7" coveredstatements="7" conditionals="2" coveredconditionals="1" methods="2" coveredmethods="2"/>
      <line num="1" count="1" type="stmt"/>
      <line num="3" count="1" type="stmt"/>
      <line num="8" count="1" type="stmt"/>
      <line num="9" count="1" type="stmt"/>
      <line num="10" count="1" type="cond" truecount="1" falsecount="1"/>
      <line num="11" count="1" type="stmt"/>
      <line num="14" count="1" type="stmt"/>
    </file>
    <file name="user.js" path="/Users/chrissongz/Desktop/myproject/javascript/TestingWithJest/src/user.js">
      <metrics statements="4" coveredstatements="4" conditionals="0" coveredconditionals="0" methods="2" coveredmethods="2"/>
      <line num="3" count="1" type="stmt"/>
      <line num="6" count="1" type="stmt"/>
      <line num="9" count="1" type="stmt"/>
      <line num="13" count="1" type="stmt"/>
    </file>
  </project>
</coverage>
